[2023-05-10 10:54:39,036] multiqc                                            [DEBUG  ]  No MultiQC config found: /home/localuser/anaconda3/envs/week1/lib/python2.7/site-packages/multiqc-1.0.dev0-py2.7.egg/multiqc_config.yaml
[2023-05-10 10:54:39,036] multiqc                                            [DEBUG  ]  No MultiQC config found: /home/localuser/.multiqc_config.yaml
[2023-05-10 10:54:39,036] multiqc                                            [DEBUG  ]  No MultiQC config found: multiqc_config.yaml
[2023-05-10 10:54:39,036] multiqc                                            [DEBUG  ]  Command used: /home/localuser/anaconda3/envs/week1/bin/multiqc /media/localuser/amp/Phyo/X204SC20063329-Z01-F001_02/trimmed_fastqc -n reads -o trimmed_fastqc
[2023-05-10 10:54:39,036] multiqc                                            [DEBUG  ]  Could not connect to multiqc.info for version check
[2023-05-10 10:54:39,036] multiqc                                            [INFO   ]  This is MultiQC v1.0.dev0
[2023-05-10 10:54:39,036] multiqc                                            [DEBUG  ]  Command     : /home/localuser/anaconda3/envs/week1/bin/multiqc /media/localuser/amp/Phyo/X204SC20063329-Z01-F001_02/trimmed_fastqc -n reads -o trimmed_fastqc
[2023-05-10 10:54:39,036] multiqc                                            [DEBUG  ]  Working dir : /media/localuser/amp
[2023-05-10 10:54:39,037] multiqc                                            [INFO   ]  Template    : default
[2023-05-10 10:54:39,037] multiqc                                            [INFO   ]  Searching '/media/localuser/amp/Phyo/X204SC20063329-Z01-F001_02/trimmed_fastqc'
[2023-05-10 10:54:39,037] multiqc                                            [DEBUG  ]  Analysing modules: custom_content, peddy, methylQA, qualimap, preseq, quast, rseqc, busco, goleft_indexcov, snpeff, gatk, htseq, bcftools, featureCounts, picard, prokka, samblaster, samtools, bamtools, bismark, hicup, salmon, kallisto, slamdunk, star, tophat, bowtie2, bowtie1, cutadapt, trimmomatic, skewer, fastq_screen, fastqc, clusterflow
[2023-05-10 10:54:39,037] multiqc                                            [DEBUG  ]  Using temporary directory for creating report: /tmp/tmpSiFkFa
[2023-05-10 10:54:39,040] multiqc                                            [DEBUG  ]  Ignoring file as matched an ignore pattern: D_CON1_val_1.fq.gz
[2023-05-10 10:54:39,040] multiqc                                            [DEBUG  ]  Ignoring file as matched an ignore pattern: D_CON1_val_2.fq.gz
[2023-05-10 10:54:39,040] multiqc                                            [DEBUG  ]  Ignoring file as matched an ignore pattern: D_CON2_val_1.fq.gz
[2023-05-10 10:54:39,041] multiqc                                            [DEBUG  ]  Ignoring file as matched an ignore pattern: D_CON2_val_2.fq.gz
[2023-05-10 10:54:39,041] multiqc                                            [DEBUG  ]  Ignoring file as matched an ignore pattern: D_CON3_val_1.fq.gz
[2023-05-10 10:54:39,041] multiqc                                            [DEBUG  ]  Ignoring file as matched an ignore pattern: D_CON3_val_2.fq.gz
[2023-05-10 10:54:39,041] multiqc                                            [DEBUG  ]  Ignoring file as matched an ignore pattern: D_TREAT1_val_1.fq.gz
[2023-05-10 10:54:39,041] multiqc                                            [DEBUG  ]  Ignoring file as matched an ignore pattern: D_TREAT1_val_2.fq.gz
[2023-05-10 10:54:39,041] multiqc                                            [DEBUG  ]  Ignoring file as matched an ignore pattern: D_TREAT2_val_1.fq.gz
[2023-05-10 10:54:39,041] multiqc                                            [DEBUG  ]  Ignoring file as matched an ignore pattern: D_TREAT2_val_2.fq.gz
[2023-05-10 10:54:39,041] multiqc                                            [DEBUG  ]  Ignoring file as matched an ignore pattern: D_TREAT3_val_1.fq.gz
[2023-05-10 10:54:39,041] multiqc                                            [DEBUG  ]  Ignoring file as matched an ignore pattern: D_TREAT3_val_2.fq.gz
[2023-05-10 10:54:39,041] multiqc                                            [DEBUG  ]  Ignoring file as matched an ignore pattern: H_CON1_val_1.fq.gz
[2023-05-10 10:54:39,041] multiqc                                            [DEBUG  ]  Ignoring file as matched an ignore pattern: H_CON1_val_2.fq.gz
[2023-05-10 10:54:39,041] multiqc                                            [DEBUG  ]  Ignoring file as matched an ignore pattern: H_CON2_val_1.fq.gz
[2023-05-10 10:54:39,041] multiqc                                            [DEBUG  ]  Ignoring file as matched an ignore pattern: H_CON2_val_2.fq.gz
[2023-05-10 10:54:39,042] multiqc                                            [DEBUG  ]  Ignoring file as matched an ignore pattern: H_CON3_val_1.fq.gz
[2023-05-10 10:54:39,042] multiqc                                            [DEBUG  ]  Ignoring file as matched an ignore pattern: H_CON3_val_2.fq.gz
[2023-05-10 10:54:39,042] multiqc                                            [DEBUG  ]  Ignoring file as matched an ignore pattern: H_CYTKN1_val_1.fq.gz
[2023-05-10 10:54:39,042] multiqc                                            [DEBUG  ]  Ignoring file as matched an ignore pattern: H_CYTKN1_val_2.fq.gz
[2023-05-10 10:54:39,042] multiqc                                            [DEBUG  ]  Ignoring file as matched an ignore pattern: H_CYTKN2_val_1.fq.gz
[2023-05-10 10:54:39,042] multiqc                                            [DEBUG  ]  Ignoring file as matched an ignore pattern: H_CYTKN2_val_2.fq.gz
[2023-05-10 10:54:39,042] multiqc                                            [DEBUG  ]  Ignoring file as matched an ignore pattern: H_CYTKN3_val_1.fq.gz
[2023-05-10 10:54:39,042] multiqc                                            [DEBUG  ]  Ignoring file as matched an ignore pattern: H_CYTKN3_val_2.fq.gz
[2023-05-10 10:54:39,042] multiqc                                            [DEBUG  ]  Ignoring file as matched an ignore pattern: H_TREAT1_val_1.fq.gz
[2023-05-10 10:54:39,042] multiqc                                            [DEBUG  ]  Ignoring file as matched an ignore pattern: H_TREAT1_val_2.fq.gz
[2023-05-10 10:54:39,042] multiqc                                            [DEBUG  ]  Ignoring file as matched an ignore pattern: H_TREAT2_val_1.fq.gz
[2023-05-10 10:54:39,042] multiqc                                            [DEBUG  ]  Ignoring file as matched an ignore pattern: H_TREAT2_val_2.fq.gz
[2023-05-10 10:54:39,042] multiqc                                            [DEBUG  ]  Ignoring file as matched an ignore pattern: H_TREAT3_val_1.fq.gz
[2023-05-10 10:54:39,042] multiqc                                            [DEBUG  ]  Ignoring file as matched an ignore pattern: H_TREAT3_val_2.fq.gz
[2023-05-10 10:54:39,239] multiqc.modules.custom_content.custom_content      [DEBUG  ]  No custom content found
[2023-05-10 10:54:39,246] multiqc.modules.peddy.peddy                        [DEBUG  ]  Could not find any reports in ('/media/localuser/amp/Phyo/X204SC20063329-Z01-F001_02/trimmed_fastqc',)
[2023-05-10 10:54:39,249] multiqc.modules.methylQA.methylQA                  [DEBUG  ]  Could not find any reports in ('/media/localuser/amp/Phyo/X204SC20063329-Z01-F001_02/trimmed_fastqc',)
[2023-05-10 10:54:39,250] multiqc.modules.qualimap.QM_BamQC                  [DEBUG  ]  Using default Qualimap thresholds: 1, 5, 10, 30, 50
[2023-05-10 10:54:39,259] multiqc.modules.qualimap.qualimap                  [DEBUG  ]  Could not find any reports in ('/media/localuser/amp/Phyo/X204SC20063329-Z01-F001_02/trimmed_fastqc',)
[2023-05-10 10:54:41,445] multiqc.modules.preseq.preseq                      [DEBUG  ]  Could not find any preseq data in ('/media/localuser/amp/Phyo/X204SC20063329-Z01-F001_02/trimmed_fastqc',)
[2023-05-10 10:54:41,476] multiqc.modules.quast.quast                        [DEBUG  ]  Could not find any reports in ('/media/localuser/amp/Phyo/X204SC20063329-Z01-F001_02/trimmed_fastqc',)
[2023-05-10 10:54:41,658] multiqc.modules.rseqc.rseqc                        [DEBUG  ]  Could not find any reports in ('/media/localuser/amp/Phyo/X204SC20063329-Z01-F001_02/trimmed_fastqc',)
[2023-05-10 10:54:41,679] multiqc.modules.busco.busco                        [DEBUG  ]  Could not find any reports in ('/media/localuser/amp/Phyo/X204SC20063329-Z01-F001_02/trimmed_fastqc',)
[2023-05-10 10:54:41,683] multiqc.modules.goleft_indexcov.goleft_indexcov    [DEBUG  ]  Did not find goleft indexcov outputs in ('/media/localuser/amp/Phyo/X204SC20063329-Z01-F001_02/trimmed_fastqc',)
[2023-05-10 10:54:41,719] multiqc.modules.snpeff.snpeff                      [DEBUG  ]  Could not find any data in ('/media/localuser/amp/Phyo/X204SC20063329-Z01-F001_02/trimmed_fastqc',)
[2023-05-10 10:54:41,776] multiqc.modules.gatk.gatk                          [DEBUG  ]  Could not find any reports in ('/media/localuser/amp/Phyo/X204SC20063329-Z01-F001_02/trimmed_fastqc',)
[2023-05-10 10:54:41,832] multiqc.modules.htseq.htseq                        [DEBUG  ]  Could not find any reports in ('/media/localuser/amp/Phyo/X204SC20063329-Z01-F001_02/trimmed_fastqc',)
[2023-05-10 10:54:41,887] multiqc.modules.bcftools.bcftools                  [DEBUG  ]  Could not find any reports in ('/media/localuser/amp/Phyo/X204SC20063329-Z01-F001_02/trimmed_fastqc',)
[2023-05-10 10:54:41,909] multiqc.modules.featureCounts.feature_counts       [DEBUG  ]  Could not find any reports in ('/media/localuser/amp/Phyo/X204SC20063329-Z01-F001_02/trimmed_fastqc',)
[2023-05-10 10:54:42,256] multiqc.modules.picard.picard                      [DEBUG  ]  Could not find any reports in ('/media/localuser/amp/Phyo/X204SC20063329-Z01-F001_02/trimmed_fastqc',)
[2023-05-10 10:54:42,278] multiqc.modules.prokka.prokka                      [DEBUG  ]  Could not find any Prokka data in ('/media/localuser/amp/Phyo/X204SC20063329-Z01-F001_02/trimmed_fastqc',)
[2023-05-10 10:54:42,314] multiqc.modules.samblaster.samblaster              [DEBUG  ]  Could not find any data in ('/media/localuser/amp/Phyo/X204SC20063329-Z01-F001_02/trimmed_fastqc',)
[2023-05-10 10:54:42,440] multiqc.modules.samtools.samtools                  [DEBUG  ]  Could not find any reports in ('/media/localuser/amp/Phyo/X204SC20063329-Z01-F001_02/trimmed_fastqc',)
[2023-05-10 10:54:42,495] multiqc.modules.bamtools.bamtools                  [DEBUG  ]  Could not find any reports in ('/media/localuser/amp/Phyo/X204SC20063329-Z01-F001_02/trimmed_fastqc',)
[2023-05-10 10:54:42,524] multiqc.modules.bismark.bismark                    [DEBUG  ]  Could not find any reports in ('/media/localuser/amp/Phyo/X204SC20063329-Z01-F001_02/trimmed_fastqc',)
[2023-05-10 10:54:42,548] multiqc.modules.hicup.hicup                        [DEBUG  ]  Could not find any HiCUP data in ('/media/localuser/amp/Phyo/X204SC20063329-Z01-F001_02/trimmed_fastqc',)
[2023-05-10 10:54:42,556] multiqc.modules.salmon.salmon                      [DEBUG  ]  Could not find any Salmon data in ('/media/localuser/amp/Phyo/X204SC20063329-Z01-F001_02/trimmed_fastqc',)
[2023-05-10 10:54:42,593] multiqc.modules.kallisto.kallisto                  [DEBUG  ]  Could not find any reports in ('/media/localuser/amp/Phyo/X204SC20063329-Z01-F001_02/trimmed_fastqc',)
[2023-05-10 10:54:42,824] multiqc.modules.slamdunk.slamdunk                  [DEBUG  ]  No slamdunk reports found.
[2023-05-10 10:54:42,848] multiqc.modules.star.star                          [DEBUG  ]  Could not find any reports in ('/media/localuser/amp/Phyo/X204SC20063329-Z01-F001_02/trimmed_fastqc',)
[2023-05-10 10:54:42,850] multiqc.modules.tophat.tophat                      [DEBUG  ]  Could not find any reports in ('/media/localuser/amp/Phyo/X204SC20063329-Z01-F001_02/trimmed_fastqc',)
[2023-05-10 10:54:42,886] multiqc.modules.bowtie2.bowtie2                    [DEBUG  ]  Could not find any reports in ('/media/localuser/amp/Phyo/X204SC20063329-Z01-F001_02/trimmed_fastqc',)
[2023-05-10 10:54:42,943] multiqc.modules.bowtie1.bowtie1                    [DEBUG  ]  Could not find any reports in ('/media/localuser/amp/Phyo/X204SC20063329-Z01-F001_02/trimmed_fastqc',)
[2023-05-10 10:54:43,017] multiqc.modules.cutadapt.cutadapt                  [INFO   ]  Found 30 reports
[2023-05-10 10:54:43,079] multiqc.modules.trimmomatic.trimmomatic            [DEBUG  ]  Could not find any Trimmomatic data in ('/media/localuser/amp/Phyo/X204SC20063329-Z01-F001_02/trimmed_fastqc',)
[2023-05-10 10:54:43,134] multiqc.modules.skewer.skewer                      [DEBUG  ]  Could not find any data in ('/media/localuser/amp/Phyo/X204SC20063329-Z01-F001_02/trimmed_fastqc',)
[2023-05-10 10:54:43,157] multiqc.modules.fastq_screen.fastq_screen          [DEBUG  ]  Could not find any reports in ('/media/localuser/amp/Phyo/X204SC20063329-Z01-F001_02/trimmed_fastqc',)
[2023-05-10 10:54:50,072] multiqc.modules.fastqc.fastqc                      [INFO   ]  Found 30 reports
[2023-05-10 10:54:51,400] multiqc.modules.clusterflow.clusterflow            [DEBUG  ]  Could not find any reports in ('/media/localuser/amp/Phyo/X204SC20063329-Z01-F001_02/trimmed_fastqc',)
[2023-05-10 10:54:51,401] multiqc                                            [INFO   ]  Report      : trimmed_fastqc/reads.html
[2023-05-10 10:54:51,401] multiqc                                            [INFO   ]  Data        : trimmed_fastqc/reads_data
[2023-05-10 10:54:51,401] multiqc                                            [DEBUG  ]  Moving data file from '/tmp/tmpSiFkFa/multiqc_data/multiqc_general_stats.txt' to 'trimmed_fastqc/reads_data'
[2023-05-10 10:54:51,401] multiqc                                            [DEBUG  ]  Moving data file from '/tmp/tmpSiFkFa/multiqc_data/multiqc_fastqc.txt' to 'trimmed_fastqc/reads_data'
[2023-05-10 10:54:51,401] multiqc                                            [DEBUG  ]  Moving data file from '/tmp/tmpSiFkFa/multiqc_data/multiqc_cutadapt.txt' to 'trimmed_fastqc/reads_data'
[2023-05-10 10:54:51,402] multiqc                                            [DEBUG  ]  Moving data file from '/tmp/tmpSiFkFa/multiqc_data/multiqc_sources.txt' to 'trimmed_fastqc/reads_data'
[2023-05-10 10:54:51,464] multiqc                                            [INFO   ]  MultiQC complete
